[2023-07-13 12:55:09] Debug:   Git refspec: refs/heads/master
[2023-07-13 12:55:09] Debug:   Git SHA1:    864d89f3e028f0dc9a2e4537e2c38684921a92d3
[2023-07-13 12:55:09] Debug:   Git status:  DIRTY
[2023-07-13 12:55:09] Debug:   Host name:   LAPTOP-1QU5OR1V
[2023-07-13 12:55:09] Info:    Load scene file: F:/Fluid/Fluid/SPlisHSPlasH/data/Scenes/Controlf.json
[2023-07-13 12:55:09] Info:    OpenGL version 4.6
[2023-07-13 12:55:09] Info:    Using GLEW 1.12.0
[2023-07-13 12:55:09] Info:    Vendor: NVIDIA Corporation
[2023-07-13 12:55:09] Info:    Renderer: GeForce GTX 1050 Ti/PCIe/SSE2
[2023-07-13 12:55:09] Info:    Version: 4.6.0 NVIDIA 456.43
[2023-07-13 12:55:09] Info:    Initialize fluid particles
[2023-07-13 12:55:09] Info:    Number of fluid particles: 37288
[2023-07-13 12:55:09] Info:    Loading F:/Fluid/Fluid/SPlisHSPlasH/data/models/UnitBox.obj
[2023-07-13 12:55:09] Info:    Number of triangles: 12
[2023-07-13 12:55:09] Info:    Number of vertices: 8
[2023-07-13 12:55:09] Info:    Loaded cached boundary sampling: F:/Fluid/Fluid/SPlisHSPlasH/data/Scenes/Cache/UnitBox_sbd_0.025000_4.100000_5.000000_3.100000.bgeo
[2023-07-13 12:55:09] Info:    Initialize boundary volume
[2023-07-13 12:55:10] Info:    Number of boundary particles: 95841
[2023-07-13 12:55:10] Info:    Initialize control particles......from volume sampling(.bgeo)
[2023-07-13 12:55:10] Info:    Initialize control volume
[2023-07-13 12:55:10] Info:    0
[2023-07-13 12:55:10] Info:    =============
[2023-07-13 12:55:10] Info:    6978
[2023-07-13 12:55:10] Info:    0
[2023-07-13 12:55:10] Info:    0
[2023-07-13 12:55:10] Info:    0
[2023-07-13 12:55:10] Info:    0
[2023-07-13 12:55:10] Info:    0
[2023-07-13 12:55:10] Info:    0
[2023-07-13 12:55:10] Info:    0
[2023-07-13 12:55:10] Info:    0
[2023-07-13 12:55:10] Info:    0
[2023-07-13 12:55:10] Info:    0
[2023-07-13 12:55:10] Info:    ----------------
[2023-07-13 12:55:10] Info:    6978
[2023-07-13 12:55:10] Info:    Number of control particles : 6978
[2023-07-13 12:55:10] Info:    ---------------------------------------------------------------------------

[2023-07-13 12:55:10] Info:    ---------------------------------------------------------------------------

[2023-07-13 12:55:10] Info:    Initialize boundary volume
[2023-07-13 12:55:10] Info:    Initialize control volume
[2023-07-13 12:55:10] Info:    0
[2023-07-13 12:55:10] Info:    =============
[2023-07-13 12:55:10] Info:    6978
[2023-07-13 12:55:10] Info:    0
[2023-07-13 12:55:10] Info:    0
[2023-07-13 12:55:10] Info:    0
[2023-07-13 12:55:10] Info:    0
[2023-07-13 12:55:10] Info:    0
[2023-07-13 12:55:10] Info:    0
[2023-07-13 12:55:10] Info:    0
[2023-07-13 12:55:10] Info:    0
[2023-07-13 12:55:10] Info:    0
[2023-07-13 12:55:10] Info:    0
[2023-07-13 12:55:10] Info:    ----------------
[2023-07-13 12:55:10] Info:    6978
[2023-07-13 12:55:11] Info:    ---------------------------------------------------------------------------

[2023-07-13 12:55:11] Info:    ---------------------------------------------------------------------------

[2023-07-13 12:55:11] Info:    ---------------------------------------------------------------------------

[2023-07-13 12:55:11] Info:    ---------------------------------------------------------------------------

