d:\fluid\splishsplash\simulators\dynamicboundarysimulator\dynamicboundarysimulator.dir\release\shader.obj
d:\fluid\splishsplash\simulators\dynamicboundarysimulator\dynamicboundarysimulator.dir\release\pbdwrapper.obj
d:\fluid\splishsplash\simulators\dynamicboundarysimulator\dynamicboundarysimulator.dir\release\simulatorbase.obj
d:\fluid\splishsplash\simulators\dynamicboundarysimulator\dynamicboundarysimulator.dir\release\main.obj
d:\fluid\splishsplash\simulators\dynamicboundarysimulator\dynamicboundarysimulator.dir\release\minigl.obj
d:\fluid\splishsplash\simulators\dynamicboundarysimulator\dynamicboundarysimulator.dir\release\tweakbarparameters.obj
d:\fluid\splishsplash\simulators\dynamicboundarysimulator\cmakefiles\generate.stamp
d:\fluid\splishsplash\simulators\dynamicboundarysimulator\dynamicboundarysimulator.dir\release\dynamicb.3536ebd9.tlog\cl.11440.write.1.tlog
d:\fluid\splishsplash\simulators\dynamicboundarysimulator\dynamicboundarysimulator.dir\release\dynamicb.3536ebd9.tlog\cl.command.1.tlog
d:\fluid\splishsplash\simulators\dynamicboundarysimulator\dynamicboundarysimulator.dir\release\dynamicb.3536ebd9.tlog\cl.read.1.tlog
d:\fluid\splishsplash\simulators\dynamicboundarysimulator\dynamicboundarysimulator.dir\release\dynamicb.3536ebd9.tlog\custombuild.command.1.tlog
d:\fluid\splishsplash\simulators\dynamicboundarysimulator\dynamicboundarysimulator.dir\release\dynamicb.3536ebd9.tlog\custombuild.read.1.tlog
d:\fluid\splishsplash\simulators\dynamicboundarysimulator\dynamicboundarysimulator.dir\release\dynamicb.3536ebd9.tlog\custombuild.write.1.tlog
d:\fluid\splishsplash\simulators\dynamicboundarysimulator\dynamicboundarysimulator.dir\release\dynamicb.3536ebd9.tlog\link-cvtres.read.1.tlog
d:\fluid\splishsplash\simulators\dynamicboundarysimulator\dynamicboundarysimulator.dir\release\dynamicb.3536ebd9.tlog\link-cvtres.write.1.tlog
d:\fluid\splishsplash\simulators\dynamicboundarysimulator\dynamicboundarysimulator.dir\release\dynamicb.3536ebd9.tlog\link-rc.read.1.tlog
d:\fluid\splishsplash\simulators\dynamicboundarysimulator\dynamicboundarysimulator.dir\release\dynamicb.3536ebd9.tlog\link-rc.write.1.tlog
d:\fluid\splishsplash\simulators\dynamicboundarysimulator\dynamicboundarysimulator.dir\release\dynamicb.3536ebd9.tlog\link.command.1.tlog
d:\fluid\splishsplash\simulators\dynamicboundarysimulator\dynamicboundarysimulator.dir\release\dynamicb.3536ebd9.tlog\link.read.1.tlog
d:\fluid\splishsplash\simulators\dynamicboundarysimulator\dynamicboundarysimulator.dir\release\dynamicb.3536ebd9.tlog\link.write.1.tlog
