d:\fluid\splishsplash\splishsplash\splishsplash.dir\release\timestep.obj
d:\fluid\splishsplash\splishsplash\splishsplash.dir\release\simulationdatapbf.obj
d:\fluid\splishsplash\splishsplash\splishsplash.dir\release\simulationdatapf.obj
d:\fluid\splishsplash\splishsplash\splishsplash.dir\release\viscosity_peer2016.obj
d:\fluid\splishsplash\splishsplash\splishsplash.dir\release\elasticity_becker2009.obj
d:\fluid\splishsplash\splishsplash\splishsplash.dir\release\timemanager.obj
d:\fluid\splishsplash\splishsplash\splishsplash.dir\release\trianglemesh.obj
d:\fluid\splishsplash\splishsplash\splishsplash.dir\release\timesteppcisph.obj
d:\fluid\splishsplash\splishsplash\splishsplash.dir\release\timesteppf.obj
d:\fluid\splishsplash\splishsplash\splishsplash.dir\release\surfacetension_akinci2013.obj
d:\fluid\splishsplash\splishsplash\splishsplash.dir\release\vorticityconfinement.obj
d:\fluid\splishsplash\splishsplash\splishsplash.dir\release\elasticity_peer2018.obj
d:\fluid\splishsplash\splishsplash\splishsplash.dir\release\fluidmodel.obj
d:\fluid\splishsplash\splishsplash\splishsplash.dir\release\timesteppbf.obj
d:\fluid\splishsplash\splishsplash\splishsplash.dir\release\viscosity_standard.obj
d:\fluid\splishsplash\splishsplash\splishsplash.dir\release\viscosity_weiler2018.obj
d:\fluid\splishsplash\splishsplash\splishsplash.dir\release\dragforce_gissler2017.obj
d:\fluid\splishsplash\splishsplash\splishsplash.dir\release\simulation.obj
d:\fluid\splishsplash\splishsplash\splishsplash.dir\release\simulationdataiisph.obj
d:\fluid\splishsplash\splishsplash\splishsplash.dir\release\viscosity_xsph.obj
d:\fluid\splishsplash\splishsplash\splishsplash.dir\release\surfacetension_becker2007.obj
d:\fluid\splishsplash\splishsplash\splishsplash.dir\release\vorticitybase.obj
d:\fluid\splishsplash\splishsplash\splishsplash.dir\release\dragbase.obj
d:\fluid\splishsplash\splishsplash\splishsplash.dir\release\mathfunctions.obj
d:\fluid\splishsplash\splishsplash\splishsplash.dir\release\boundarymodel.obj
d:\fluid\splishsplash\splishsplash\splishsplash.dir\release\simulationdatawcsph.obj
d:\fluid\splishsplash\splishsplash\splishsplash.dir\release\simulationdatadfsph.obj
d:\fluid\splishsplash\splishsplash\splishsplash.dir\release\viscosity_bender2017.obj
d:\fluid\splishsplash\splishsplash\splishsplash.dir\release\poissondisksampling.obj
d:\fluid\splishsplash\splishsplash\splishsplash.dir\release\emitter.obj
d:\fluid\splishsplash\splishsplash\splishsplash.dir\release\timestepwcsph.obj
d:\fluid\splishsplash\splishsplash\splishsplash.dir\release\viscositybase.obj
d:\fluid\splishsplash\splishsplash\splishsplash.dir\release\viscosity_takahashi2015.obj
d:\fluid\splishsplash\splishsplash\splishsplash.dir\release\dragforce_macklin2014.obj
d:\fluid\splishsplash\splishsplash\splishsplash.dir\release\sceneloader.obj
d:\fluid\splishsplash\splishsplash\splishsplash.dir\release\sphkernels.obj
d:\fluid\splishsplash\splishsplash\splishsplash.dir\release\nonpressureforcebase.obj
d:\fluid\splishsplash\splishsplash\splishsplash.dir\release\timeintegration.obj
d:\fluid\splishsplash\splishsplash\splishsplash.dir\release\timestepiisph.obj
d:\fluid\splishsplash\splishsplash\splishsplash.dir\release\viscosity_peer2015.obj
d:\fluid\splishsplash\splishsplash\splishsplash.dir\release\elasticitybase.obj
d:\fluid\splishsplash\splishsplash\splishsplash.dir\release\emittersystem.obj
d:\fluid\splishsplash\splishsplash\splishsplash.dir\release\simulationdatapcisph.obj
d:\fluid\splishsplash\splishsplash\splishsplash.dir\release\timestepdfsph.obj
d:\fluid\splishsplash\splishsplash\splishsplash.dir\release\surfacetensionbase.obj
d:\fluid\splishsplash\splishsplash\splishsplash.dir\release\surfacetension_he2014.obj
d:\fluid\splishsplash\splishsplash\splishsplash.dir\release\micropolarmodel_bender2017.obj
d:\fluid\splishsplash\splishsplash\cmakefiles\generate.stamp
d:\fluid\splishsplash\lib\release\splishsplash.lib
d:\fluid\splishsplash\splishsplash\splishsplash.dir\release\splishsplash.tlog\cl.1064.write.1.tlog
d:\fluid\splishsplash\splishsplash\splishsplash.dir\release\splishsplash.tlog\cl.command.1.tlog
d:\fluid\splishsplash\splishsplash\splishsplash.dir\release\splishsplash.tlog\cl.read.1.tlog
d:\fluid\splishsplash\splishsplash\splishsplash.dir\release\splishsplash.tlog\custombuild.command.1.tlog
d:\fluid\splishsplash\splishsplash\splishsplash.dir\release\splishsplash.tlog\custombuild.read.1.tlog
d:\fluid\splishsplash\splishsplash\splishsplash.dir\release\splishsplash.tlog\custombuild.write.1.tlog
d:\fluid\splishsplash\splishsplash\splishsplash.dir\release\splishsplash.tlog\lib-link.read.1.tlog
d:\fluid\splishsplash\splishsplash\splishsplash.dir\release\splishsplash.tlog\lib-link.write.1.tlog
d:\fluid\splishsplash\splishsplash\splishsplash.dir\release\splishsplash.tlog\lib.command.1.tlog
